<?xml version="1.0" encoding="UTF-8"?>
<!-- Generated by org.testng.reporters.JUnitXMLReporter -->
<testsuite ignored="0" hostname="QB-TP3-2221" failures="0" tests="2" name="abcd" time="0.042" errors="0" timestamp="2022-08-02T12:05:40 IST">
  <testcase classname="TestNG.BasicAssertion" name="@BeforeMethod beforemethod" time="-1.659422140779E9">
    <failure type="org.testng.TestNGException" message="
Parameter &amp;apos;Browser&amp;apos; is required by BeforeMethod on method beforemethod but has not been marked @Optional or defined
in C:\Users\sreejyothy\eclipse-workspace\Project450\Testng3.xml">
      <![CDATA[org.testng.TestNGException: 
Parameter 'Browser' is required by BeforeMethod on method beforemethod but has not been marked @Optional or defined
in C:\Users\sreejyothy\eclipse-workspace\Project450\Testng3.xml
at java.base/java.util.ArrayList.forEach(ArrayList.java:1541)
... Removed 28 stack frames]]>
    </failure>
  </testcase> <!-- @BeforeMethod beforemethod -->
  <testcase classname="TestNG.BasicAssertion" name="@AfterMethod aftermethod" time="-1.659422140791E9">
    <skipped/>
  </testcase> <!-- @AfterMethod aftermethod -->
  <testcase classname="TestNG.BasicAssertion" name="@BeforeMethod beforemethod" time="-1.659422140793E9">
    <skipped/>
  </testcase> <!-- @BeforeMethod beforemethod -->
  <testcase classname="TestNG.BasicAssertion" name="@AfterMethod aftermethod" time="-1.659422140799E9">
    <skipped/>
  </testcase> <!-- @AfterMethod aftermethod -->
  <testcase classname="TestNG.BasicAssertion" name="remembermeCheckBoxValidation" time="0.0">
    <skipped/>
  </testcase> <!-- remembermeCheckBoxValidation -->
  <testcase classname="TestNG.BasicAssertion" name="verifyLoginbuttonText" time="0.0">
    <skipped/>
  </testcase> <!-- verifyLoginbuttonText -->
</testsuite> <!-- abcd -->
