<?xml version="1.0" encoding="UTF-8"?>
<!-- Generated by org.testng.reporters.JUnitXMLReporter -->
<testsuite ignored="0" hostname="QB-TP3-2221" failures="0" tests="2" name="ChromeTest" time="0.081" errors="0" timestamp="2022-08-16T12:33:39 IST">
  <testcase classname="TestNG.BasicAssertion" name="@BeforeMethod beforemethod" time="0.037">
    <failure type="java.lang.IllegalStateException" message="The driver executable must exist: C:\Users\sreejyothy\Desktop\Selenium\chromedriver_win32 (4)\chromedriver.exe">
      <![CDATA[java.lang.IllegalStateException: The driver executable must exist: C:\Users\sreejyothy\Desktop\Selenium\chromedriver_win32 (4)\chromedriver.exe
at org.openqa.selenium.internal.Require$FileStateChecker.isFile(Require.java:342)
at org.openqa.selenium.remote.service.DriverService.checkExecutable(DriverService.java:147)
at org.openqa.selenium.remote.service.DriverService.findExecutable(DriverService.java:142)
at org.openqa.selenium.chrome.ChromeDriverService.access$000(ChromeDriverService.java:39)
at org.openqa.selenium.chrome.ChromeDriverService$Builder.findDefaultExecutable(ChromeDriverService.java:233)
at org.openqa.selenium.remote.service.DriverService$Builder.build(DriverService.java:437)
at org.openqa.selenium.chrome.ChromeDriverService.createDefaultService(ChromeDriverService.java:128)
at org.openqa.selenium.chrome.ChromeDriver.<init>(ChromeDriver.java:49)
at TestNG.BasicAssertion.beforemethod(BasicAssertion.java:51)
at java.base/java.util.ArrayList.forEach(ArrayList.java:1541)
... Removed 31 stack frames]]>
    </failure>
  </testcase> <!-- @BeforeMethod beforemethod -->
  <testcase classname="TestNG.BasicAssertion" name="@AfterMethod aftermethod" time="-1.66063341959E9">
    <skipped/>
  </testcase> <!-- @AfterMethod aftermethod -->
  <testcase classname="TestNG.BasicAssertion" name="@BeforeMethod beforemethod" time="-1.660633419591E9">
    <skipped/>
  </testcase> <!-- @BeforeMethod beforemethod -->
  <testcase classname="TestNG.BasicAssertion" name="@AfterMethod aftermethod" time="-1.660633419596E9">
    <skipped/>
  </testcase> <!-- @AfterMethod aftermethod -->
  <testcase classname="TestNG.BasicAssertion" name="remembermeCheckBoxValidation" time="0.0">
    <skipped/>
  </testcase> <!-- remembermeCheckBoxValidation -->
  <testcase classname="TestNG.BasicAssertion" name="verifyLoginbuttonText" time="0.0">
    <skipped/>
  </testcase> <!-- verifyLoginbuttonText -->
</testsuite> <!-- ChromeTest -->
